<?xml version="1.0" encoding="UTF-8"?>
<!-- Generated by org.testng.reporters.JUnitReportReporter -->
<testsuite skipped="0" hostname="notebook" name="com.imdb.demo.TopChartsPageTest" tests="8" failures="1" timestamp="6 Nov 2016 18:12:15 GMT" time="11.729" errors="0">
  <testcase name="isTopChartsPageLoaded" time="4.481" classname="com.imdb.demo.TopChartsPageTest"/>
  <testcase name="selectByYourRating" time="1.839" classname="com.imdb.demo.TopChartsPageTest"/>
  <testcase name="selectByNumberOfRatings" time="1.605" classname="com.imdb.demo.TopChartsPageTest"/>
  <testcase name="selectByRanking" time="1.348" classname="com.imdb.demo.TopChartsPageTest">
    <failure type="java.lang.AssertionError" message="
Expecting:
 &lt;false&gt;
to be equal to:
 &lt;true&gt;
but was not.">
      <![CDATA[java.lang.AssertionError: 
Expecting:
 <false>
to be equal to:
 <true>
but was not.
	at com.imdb.demo.TopChartsPageTest.selectByRanking(TopChartsPageTest.java:35)
	at sun.reflect.NativeMethodAccessorImpl.invoke0(Native Method)
	at sun.reflect.NativeMethodAccessorImpl.invoke(NativeMethodAccessorImpl.java:62)
	at sun.reflect.DelegatingMethodAccessorImpl.invoke(DelegatingMethodAccessorImpl.java:43)
	at java.lang.reflect.Method.invoke(Method.java:498)
	at org.testng.internal.MethodInvocationHelper.invokeMethod(MethodInvocationHelper.java:100)
	at org.testng.internal.Invoker.invokeMethod(Invoker.java:646)
	at org.testng.internal.Invoker.invokeTestMethod(Invoker.java:811)
	at org.testng.internal.Invoker.invokeTestMethods(Invoker.java:1137)
	at org.testng.internal.TestMethodWorker.invokeTestMethods(TestMethodWorker.java:129)
	at org.testng.internal.TestMethodWorker.run(TestMethodWorker.java:112)
	at org.testng.TestRunner.privateRun(TestRunner.java:753)
	at org.testng.TestRunner.run(TestRunner.java:607)
	at org.testng.SuiteRunner.runTest(SuiteRunner.java:368)
	at org.testng.SuiteRunner.runSequentially(SuiteRunner.java:363)
	at org.testng.SuiteRunner.privateRun(SuiteRunner.java:321)
	at org.testng.SuiteRunner.run(SuiteRunner.java:270)
	at org.testng.SuiteRunnerWorker.runSuite(SuiteRunnerWorker.java:52)
	at org.testng.SuiteRunnerWorker.run(SuiteRunnerWorker.java:86)
	at org.testng.TestNG.runSuitesSequentially(TestNG.java:1284)
	at org.testng.TestNG.runSuitesLocally(TestNG.java:1209)
	at org.testng.TestNG.runSuites(TestNG.java:1124)
	at org.testng.TestNG.run(TestNG.java:1096)
	at org.testng.remote.AbstractRemoteTestNG.run(AbstractRemoteTestNG.java:132)
	at org.testng.remote.RemoteTestNG.initAndRun(RemoteTestNG.java:236)
	at org.testng.remote.RemoteTestNG.main(RemoteTestNG.java:81)
]]>
    </failure>
  </testcase> <!-- selectByRanking -->
  <testcase name="selectIMDBRating" time="0.487" classname="com.imdb.demo.TopChartsPageTest"/>
  <testcase name="areInitialResultsLoaded" time="0.206" classname="com.imdb.demo.TopChartsPageTest"/>
  <testcase name="selectByReleaseDate" time="1.404" classname="com.imdb.demo.TopChartsPageTest"/>
  <testcase name="clickOnGenre" time="0.359" classname="com.imdb.demo.TopChartsPageTest"/>
</testsuite> <!-- com.imdb.demo.TopChartsPageTest -->
